<?xml version="1.0" encoding="UTF-8"?>
<coverage generated="1742529497707" clover="3.2.0">
  <project timestamp="1742529497708" name="All files">
    <metrics statements="6" coveredstatements="6" conditionals="0" coveredconditionals="0" methods="0" coveredmethods="0" elements="6" coveredelements="6" complexity="0" loc="6" ncloc="6" packages="1" files="1" classes="1"/>
    <file name="01-template.ts" path="/home/jruvalcabam/nube/Node/src/js-fundations/01-template.ts">
      <metrics statements="6" coveredstatements="6" conditionals="0" coveredconditionals="0" methods="0" coveredmethods="0"/>
      <line num="1" count="1" type="stmt"/>
      <line num="2" count="1" type="stmt"/>
      <line num="3" count="1" type="stmt"/>
      <line num="4" count="1" type="stmt"/>
      <line num="5" count="1" type="stmt"/>
      <line num="6" count="1" type="stmt"/>
    </file>
  </project>
</coverage>
